<?xml version="1.0" encoding="UTF-8"?>
<testng-results ignored="0" total="3" passed="2" failed="1" skipped="0">
  <reporter-output>
  </reporter-output>
  <suite started-at="2022-06-07T01:16:58 CDT" name="regression" finished-at="2022-06-07T01:17:36 CDT" duration-ms="38595">
    <groups>
    </groups>
    <test started-at="2022-06-07T01:16:58 CDT" name="Regression Test" finished-at="2022-06-07T01:17:36 CDT" duration-ms="38595">
      <class name="scripts.CarsTest">
        <test-method is-config="true" signature="setup()[pri:0, instance:scripts.CarsTest@4cf4d528]" started-at="2022-06-07T01:16:58 CDT" name="setup" finished-at="2022-06-07T01:17:00 CDT" duration-ms="2151" status="PASS">
          <reporter-output>
          </reporter-output>
        </test-method> <!-- setup -->
        <test-method signature="invalidCredentialsSignIn()[pri:0, instance:scripts.CarsTest@4cf4d528]" started-at="2022-06-07T01:17:00 CDT" name="invalidCredentialsSignIn" description="Test Case 3: Validate user cannot sign in to Cars.com with invalid credentials" finished-at="2022-06-07T01:17:25 CDT" duration-ms="25254" status="PASS">
          <reporter-output>
          </reporter-output>
        </test-method> <!-- invalidCredentialsSignIn -->
        <test-method is-config="true" signature="teardown()[pri:0, instance:scripts.CarsTest@4cf4d528]" started-at="2022-06-07T01:17:25 CDT" name="teardown" finished-at="2022-06-07T01:17:25 CDT" duration-ms="413" status="PASS">
          <reporter-output>
          </reporter-output>
        </test-method> <!-- teardown -->
        <test-method is-config="true" signature="setup()[pri:0, instance:scripts.CarsTest@4cf4d528]" started-at="2022-06-07T01:17:25 CDT" name="setup" finished-at="2022-06-07T01:17:26 CDT" duration-ms="1022" status="PASS">
          <reporter-output>
          </reporter-output>
        </test-method> <!-- setup -->
        <test-method signature="signInForm()[pri:0, instance:scripts.CarsTest@4cf4d528]" started-at="2022-06-07T01:17:26 CDT" name="signInForm" description="Test Case 1: Validate Cars.com Sign in page form" finished-at="2022-06-07T01:17:30 CDT" duration-ms="3313" status="FAIL">
          <exception class="java.lang.AssertionError">
            <message>
              <![CDATA[expected [https://www.cars.com/signin/?redirect_path=%2F] but found [https://www.cars.com/]]]>
            </message>
            <full-stacktrace>
              <![CDATA[java.lang.AssertionError: expected [https://www.cars.com/signin/?redirect_path=%2F] but found [https://www.cars.com/]
at org.testng.Assert.fail(Assert.java:97)
at org.testng.Assert.assertEqualsImpl(Assert.java:136)
at org.testng.Assert.assertEquals(Assert.java:118)
at org.testng.Assert.assertEquals(Assert.java:575)
at org.testng.Assert.assertEquals(Assert.java:585)
at scripts.CarsTest.signInForm(CarsTest.java:29)
at java.base/jdk.internal.reflect.DirectMethodHandleAccessor.invoke(DirectMethodHandleAccessor.java:104)
at java.base/java.lang.reflect.Method.invoke(Method.java:577)
at org.testng.internal.MethodInvocationHelper.invokeMethod(MethodInvocationHelper.java:134)
at org.testng.internal.TestInvoker.invokeMethod(TestInvoker.java:597)
at org.testng.internal.TestInvoker.invokeTestMethod(TestInvoker.java:173)
at org.testng.internal.MethodRunner.runInSequence(MethodRunner.java:46)
at org.testng.internal.TestInvoker$MethodInvocationAgent.invoke(TestInvoker.java:816)
at org.testng.internal.TestInvoker.invokeTestMethods(TestInvoker.java:146)
at org.testng.internal.TestMethodWorker.invokeTestMethods(TestMethodWorker.java:146)
at org.testng.internal.TestMethodWorker.run(TestMethodWorker.java:128)
at java.base/java.util.ArrayList.forEach(ArrayList.java:1511)
at org.testng.TestRunner.privateRun(TestRunner.java:766)
at org.testng.TestRunner.run(TestRunner.java:587)
at org.testng.SuiteRunner.runTest(SuiteRunner.java:384)
at org.testng.SuiteRunner.runSequentially(SuiteRunner.java:378)
at org.testng.SuiteRunner.privateRun(SuiteRunner.java:337)
at org.testng.SuiteRunner.run(SuiteRunner.java:286)
at org.testng.SuiteRunnerWorker.runSuite(SuiteRunnerWorker.java:53)
at org.testng.SuiteRunnerWorker.run(SuiteRunnerWorker.java:96)
at org.testng.TestNG.runSuitesSequentially(TestNG.java:1187)
at org.testng.TestNG.runSuitesLocally(TestNG.java:1109)
at org.testng.TestNG.runSuites(TestNG.java:1039)
at org.testng.TestNG.run(TestNG.java:1007)
at org.apache.maven.surefire.testng.TestNGExecutor.run(TestNGExecutor.java:281)
at org.apache.maven.surefire.testng.TestNGXmlTestSuite.execute(TestNGXmlTestSuite.java:75)
at org.apache.maven.surefire.testng.TestNGProvider.invoke(TestNGProvider.java:121)
at org.apache.maven.surefire.booter.ForkedBooter.invokeProviderInSameClassLoader(ForkedBooter.java:290)
at org.apache.maven.surefire.booter.ForkedBooter.runSuitesInProcess(ForkedBooter.java:242)
at org.apache.maven.surefire.booter.ForkedBooter.main(ForkedBooter.java:121)
]]>
            </full-stacktrace>
          </exception> <!-- java.lang.AssertionError -->
          <reporter-output>
          </reporter-output>
        </test-method> <!-- signInForm -->
        <test-method is-config="true" signature="teardown()[pri:0, instance:scripts.CarsTest@4cf4d528]" started-at="2022-06-07T01:17:30 CDT" name="teardown" finished-at="2022-06-07T01:17:31 CDT" duration-ms="1168" status="PASS">
          <reporter-output>
          </reporter-output>
        </test-method> <!-- teardown -->
        <test-method is-config="true" signature="setup()[pri:0, instance:scripts.CarsTest@4cf4d528]" started-at="2022-06-07T01:17:31 CDT" name="setup" finished-at="2022-06-07T01:17:32 CDT" duration-ms="973" status="PASS">
          <reporter-output>
          </reporter-output>
        </test-method> <!-- setup -->
        <test-method signature="signInSocials()[pri:0, instance:scripts.CarsTest@4cf4d528]" started-at="2022-06-07T01:17:32 CDT" name="signInSocials" description="Test Case 2: Validate Cars.com Sign in page social media section" finished-at="2022-06-07T01:17:36 CDT" duration-ms="4110" status="PASS">
          <reporter-output>
          </reporter-output>
        </test-method> <!-- signInSocials -->
        <test-method is-config="true" signature="teardown()[pri:0, instance:scripts.CarsTest@4cf4d528]" started-at="2022-06-07T01:17:36 CDT" name="teardown" finished-at="2022-06-07T01:17:36 CDT" duration-ms="171" status="PASS">
          <reporter-output>
          </reporter-output>
        </test-method> <!-- teardown -->
      </class> <!-- scripts.CarsTest -->
    </test> <!-- Regression Test -->
  </suite> <!-- regression -->
</testng-results>
